<?xml version="1.0" encoding="UTF-8"?>
<!-- Generated by org.testng.reporters.JUnitReportReporter -->
<testsuite hostname="DESKTOP-QM44KM9" failures="0" tests="3" name="parallel.Parallelrun" time="3.117" errors="3" timestamp="2020-12-26T17:01:50 IST" skipped="0">
  <testcase classname="parallel.Parallelrun" name="runScenario" time="1.069">
    <error message="Cannot invoke &quot;org.openqa.selenium.WebDriver.getTitle()&quot; because &quot;this.driver&quot; is null" type="java.lang.NullPointerException">
      <![CDATA[java.lang.NullPointerException: Cannot invoke "org.openqa.selenium.WebDriver.getTitle()" because "this.driver" is null
at pages.Loginpage.getTitlePage(Loginpage.java:31)
at parallel.Loggeddefs.user_is_already_on_the_login_page(Loggeddefs.java:40)
at ✽.User is already on the login page(classpath:parallel/Login.feature:4)
]]>
    </error>
  </testcase> <!-- runScenario -->
  <system-out/>
  <testcase classname="parallel.Parallelrun" name="runScenario" time="1.003">
    <error message="Cannot invoke &quot;org.openqa.selenium.WebDriver.getTitle()&quot; because &quot;this.driver&quot; is null" type="java.lang.NullPointerException">
      <![CDATA[java.lang.NullPointerException: Cannot invoke "org.openqa.selenium.WebDriver.getTitle()" because "this.driver" is null
at pages.Loginpage.getTitlePage(Loginpage.java:31)
at parallel.Loggeddefs.user_is_already_on_the_login_page(Loggeddefs.java:40)
at ✽.User is already on the login page(classpath:parallel/Login.feature:4)
]]>
    </error>
  </testcase> <!-- runScenario -->
  <system-out/>
  <testcase classname="parallel.Parallelrun" name="runScenario" time="1.045">
    <error message="Cannot invoke &quot;org.openqa.selenium.WebDriver.getTitle()&quot; because &quot;this.driver&quot; is null" type="java.lang.NullPointerException">
      <![CDATA[java.lang.NullPointerException: Cannot invoke "org.openqa.selenium.WebDriver.getTitle()" because "this.driver" is null
at pages.Loginpage.getTitlePage(Loginpage.java:31)
at parallel.Logindefs.user_verifies_the_title_of_the_page(Logindefs.java:59)
at ✽.User verifies the title of the page(classpath:parallel/Signup.feature:5)
]]>
    </error>
  </testcase> <!-- runScenario -->
  <system-out/>
</testsuite> <!-- parallel.Parallelrun -->
